  Source.cpp
c:\users\rudy\documents\a-институт!\языки программирования\c++\rudywolf\lab 2\source.cpp(14): error C2131: выражение не определяется константой
  c:\users\rudy\documents\a-институт!\языки программирования\c++\rudywolf\lab 2\source.cpp(14): note: сбой вызван чтением переменной вне срока ее существования
  c:\users\rudy\documents\a-институт!\языки программирования\c++\rudywolf\lab 2\source.cpp(14): note: см. использование "n1"
c:\users\rudy\documents\a-институт!\языки программирования\c++\rudywolf\lab 2\source.cpp(15): error C2131: выражение не определяется константой
  c:\users\rudy\documents\a-институт!\языки программирования\c++\rudywolf\lab 2\source.cpp(15): note: сбой вызван чтением переменной вне срока ее существования
  c:\users\rudy\documents\a-институт!\языки программирования\c++\rudywolf\lab 2\source.cpp(15): note: см. использование "n2"
c:\users\rudy\documents\a-институт!\языки программирования\c++\rudywolf\lab 2\source.cpp(16): error C2131: выражение не определяется константой
  c:\users\rudy\documents\a-институт!\языки программирования\c++\rudywolf\lab 2\source.cpp(16): note: сбой вызван чтением переменной вне срока ее существования
  c:\users\rudy\documents\a-институт!\языки программирования\c++\rudywolf\lab 2\source.cpp(16): note: см. использование "n"
c:\users\rudy\documents\a-институт!\языки программирования\c++\rudywolf\lab 2\source.cpp(17): error C2131: выражение не определяется константой
  c:\users\rudy\documents\a-институт!\языки программирования\c++\rudywolf\lab 2\source.cpp(17): note: сбой вызван чтением переменной вне срока ее существования
  c:\users\rudy\documents\a-институт!\языки программирования\c++\rudywolf\lab 2\source.cpp(17): note: см. использование "n"
c:\users\rudy\documents\a-институт!\языки программирования\c++\rudywolf\lab 2\source.cpp(18): error C2131: выражение не определяется константой
  c:\users\rudy\documents\a-институт!\языки программирования\c++\rudywolf\lab 2\source.cpp(18): note: сбой вызван чтением переменной вне срока ее существования
  c:\users\rudy\documents\a-институт!\языки программирования\c++\rudywolf\lab 2\source.cpp(18): note: см. использование "n"
c:\users\rudy\documents\a-институт!\языки программирования\c++\rudywolf\lab 2\source.cpp(39): error C3863: тип массива "int [n][n]" является неназначаемым
c:\users\rudy\documents\a-институт!\языки программирования\c++\rudywolf\lab 2\source.cpp(48): error C3863: тип массива "int [n][n]" является неназначаемым
c:\users\rudy\documents\a-институт!\языки программирования\c++\rudywolf\lab 2\source.cpp(53): error C3863: тип массива "int [n][n]" является неназначаемым
c:\users\rudy\documents\a-институт!\языки программирования\c++\rudywolf\lab 2\source.cpp(60): warning C4552: "<<": результат выражения не используется
c:\users\rudy\documents\a-институт!\языки программирования\c++\rudywolf\lab 2\source.cpp(68): warning C4552: "<<": результат выражения не используется
c:\users\rudy\documents\a-институт!\языки программирования\c++\rudywolf\lab 2\source.cpp(76): warning C4552: "<<": результат выражения не используется
c:\users\rudy\documents\a-институт!\языки программирования\c++\rudywolf\lab 2\source.cpp(84): warning C4552: "<<": результат выражения не используется
c:\users\rudy\documents\a-институт!\языки программирования\c++\rudywolf\lab 2\source.cpp(91): warning C4552: "<<": результат выражения не используется
